2017-10-23 13:27:02,005-[TS] ERROR main beacon.MainTest - error
2017-10-23 13:27:02,005-[TS] FATAL main beacon.MainTest - fatal
2017-10-23 13:27:09,940-[TS] ERROR main beacon.MainTest - error
2017-10-23 13:27:09,940-[TS] FATAL main beacon.MainTest - fatal
2017-10-23 13:27:18,249-[TS] ERROR main beacon.MainTest - error
2017-10-23 13:27:18,250-[TS] FATAL main beacon.MainTest - fatal
2017-10-23 13:28:33,387-[TS] INFO main beacon.MainTest - info
2017-10-23 13:28:33,389-[TS] WARN main beacon.MainTest - warn
2017-10-23 13:28:33,389-[TS] ERROR main beacon.MainTest - error
2017-10-23 13:28:33,389-[TS] FATAL main beacon.MainTest - fatal
2017-10-23 13:28:33,389-[TS] WARN main beacon.MainTest - log:warn
2017-10-23 13:29:55,810-[TS] INFO main beacon.MainTest - info
2017-10-23 13:29:55,812-[TS] WARN main beacon.MainTest - warn
2017-10-23 13:29:55,812-[TS] ERROR main beacon.MainTest - error
2017-10-23 13:29:55,812-[TS] FATAL main beacon.MainTest - fatal
2017-10-23 13:29:55,812-[TS] WARN main beacon.MainTest - log:warn
2017-10-23 13:49:43,995-[TS] INFO main beacon.MainTest - info
2017-10-23 13:49:43,996-[TS] WARN main beacon.MainTest - warn
2017-10-23 13:49:43,996-[TS] ERROR main beacon.MainTest - error
2017-10-23 13:49:43,996-[TS] FATAL main beacon.MainTest - fatal
2017-10-23 13:50:54,491-[TS] INFO main beacon.MainTest - info
2017-10-23 13:50:54,492-[TS] WARN main beacon.MainTest - warn
2017-10-23 13:50:54,493-[TS] ERROR main beacon.MainTest - error
2017-10-23 13:50:54,493-[TS] FATAL main beacon.MainTest - fatal
2017-10-23 13:51:05,957-[TS] INFO main beacon.MainTest - info
2017-10-23 13:51:05,958-[TS] WARN main beacon.MainTest - warn
2017-10-23 13:51:05,958-[TS] ERROR main beacon.MainTest - error
2017-10-23 13:51:05,959-[TS] FATAL main beacon.MainTest - fatal
2017-10-23 13:51:50,570-[TS] INFO main beacon.MainTest - info
2017-10-23 13:51:50,571-[TS] WARN main beacon.MainTest - warn
2017-10-23 13:51:50,572-[TS] ERROR main beacon.MainTest - error
2017-10-23 13:51:50,572-[TS] FATAL main beacon.MainTest - fatal
2017-10-23 13:54:11,315-[TS] INFO main beacon.MainTest - info
2017-10-23 13:54:11,316-[TS] WARN main beacon.MainTest - warn
2017-10-23 13:54:11,316-[TS] ERROR main beacon.MainTest - error
2017-10-23 13:54:11,316-[TS] FATAL main beacon.MainTest - fatal
